Build started 10/6/2013 1:13:08 AM.
     1>Project "C:\Lerum\game-build\Platformer\XML\tinyxml2-master\tinyxml2\tinyxml2.vcxproj" on node 2 (build target(s)).
     1>PrepareForBuild:
         Creating directory "C:\Lerum\game-build\Platformer\XML\tinyxml2-master\tinyxml2\bin\Win32-Release-Dll\".
       InitializeBuildStatus:
         Creating "C:\Lerum\game-build\Platformer\XML\tinyxml2-master\tinyxml2\temp\Win32-Release-Dll\tinyxml2.unsuccessfulbuild" because "AlwaysCreate" was specified.
       ClCompile:
         C:\Program Files (x86)\Microsoft Visual Studio 10.0\VC\bin\CL.exe /c /Zi /nologo /W4 /WX- /O2 /Ob2 /Oi /Ot /Oy /GT /GL /D WIN32 /D TINYXML2_EXPORT /D NDEBUG /D _CONSOLE /D _WINDLL /D _UNICODE /D UNICODE /GF /Gm- /EHsc /MD /GS- /Gy /fp:precise /Zc:wchar_t /Zc:forScope /Fo"C:\Lerum\game-build\Platformer\XML\tinyxml2-master\tinyxml2\temp\Win32-Release-Dll\\" /Fd"C:\Lerum\game-build\Platformer\XML\tinyxml2-master\tinyxml2\temp\Win32-Release-Dll\vc100.pdb" /Gd /TP /analyze- /errorReport:prompt ..\tinyxml2.cpp
         tinyxml2.cpp
       Link:
         C:\Program Files (x86)\Microsoft Visual Studio 10.0\VC\bin\link.exe /ERRORREPORT:PROMPT /OUT:"C:\Lerum\game-build\Platformer\XML\tinyxml2-master\tinyxml2\bin\Win32-Release-Dll\tinyxml2.dll" /INCREMENTAL:NO /NOLOGO OpenGL32.lib freeglut.lib kernel32.lib user32.lib gdi32.lib winspool.lib comdlg32.lib advapi32.lib shell32.lib ole32.lib oleaut32.lib uuid.lib odbc32.lib odbccp32.lib kernel32.lib user32.lib gdi32.lib winspool.lib comdlg32.lib advapi32.lib shell32.lib ole32.lib oleaut32.lib uuid.lib odbc32.lib odbccp32.lib /MANIFEST /ManifestFile:"C:\Lerum\game-build\Platformer\XML\tinyxml2-master\tinyxml2\temp\Win32-Release-Dll\tinyxml2.dll.intermediate.manifest" /MANIFESTUAC:"level='asInvoker' uiAccess='false'" /DEBUG /PDB:"C:\Lerum\game-build\Platformer\XML\tinyxml2-master\tinyxml2\bin\Win32-Release-Dll\tinyxml2.pdb" /OPT:REF /OPT:ICF /LTCG /TLBID:1 /RELEASE /DYNAMICBASE /NXCOMPAT /IMPLIB:"C:\Lerum\game-build\Platformer\XML\tinyxml2-master\tinyxml2\bin\Win32-Release-Dll\tinyxml2.lib" /MACHINE:X86 /DLL "C:\Lerum\game-build\Platformer\XML\tinyxml2-master\tinyxml2\temp\Win32-Release-Dll\tinyxml2.obj"
            Creating library C:\Lerum\game-build\Platformer\XML\tinyxml2-master\tinyxml2\bin\Win32-Release-Dll\tinyxml2.lib and object C:\Lerum\game-build\Platformer\XML\tinyxml2-master\tinyxml2\bin\Win32-Release-Dll\tinyxml2.exp
         Generating code
         Finished generating code
         tinyxml2.vcxproj -> C:\Lerum\game-build\Platformer\XML\tinyxml2-master\tinyxml2\bin\Win32-Release-Dll\tinyxml2.dll
       Manifest:
         C:\Program Files (x86)\Microsoft SDKs\Windows\v7.0A\bin\mt.exe /nologo /verbose /outputresource:"C:\Lerum\game-build\Platformer\XML\tinyxml2-master\tinyxml2\bin\Win32-Release-Dll\tinyxml2.dll;#2" /manifest "C:\Lerum\game-build\Platformer\XML\tinyxml2-master\tinyxml2\temp\Win32-Release-Dll\tinyxml2.dll.intermediate.manifest"
       FinalizeBuildStatus:
         Deleting file "C:\Lerum\game-build\Platformer\XML\tinyxml2-master\tinyxml2\temp\Win32-Release-Dll\tinyxml2.unsuccessfulbuild".
         Touching "C:\Lerum\game-build\Platformer\XML\tinyxml2-master\tinyxml2\temp\Win32-Release-Dll\tinyxml2.lastbuildstate".
     1>Done Building Project "C:\Lerum\game-build\Platformer\XML\tinyxml2-master\tinyxml2\tinyxml2.vcxproj" (build target(s)).

Build succeeded.

Time Elapsed 00:00:01.74
